2025-06-05T11:44:40.128+08:00  INFO 22480 --- [springboot-jpa] [restartedMain] c.example.demo.PriceCompareApplication   : Starting PriceCompareApplication using Java 22.0.1 with PID 22480 (C:\eclipse-workspace\price-compare\target\classes started by user in C:\eclipse-workspace\price-compare)
2025-06-05T11:44:40.130+08:00  INFO 22480 --- [springboot-jpa] [restartedMain] c.example.demo.PriceCompareApplication   : No active profile set, falling back to 1 default profile: "default"
2025-06-05T11:44:40.196+08:00  INFO 22480 --- [springboot-jpa] [restartedMain] .e.DevToolsPropertyDefaultsPostProcessor : Devtools property defaults active! Set 'spring.devtools.add-properties' to 'false' to disable
2025-06-05T11:44:40.196+08:00  INFO 22480 --- [springboot-jpa] [restartedMain] .e.DevToolsPropertyDefaultsPostProcessor : For additional web related logging consider setting the 'logging.level.web' property to 'DEBUG'
2025-06-05T11:44:41.117+08:00  INFO 22480 --- [springboot-jpa] [restartedMain] .s.d.r.c.RepositoryConfigurationDelegate : Bootstrapping Spring Data JPA repositories in DEFAULT mode.
2025-06-05T11:44:41.201+08:00  INFO 22480 --- [springboot-jpa] [restartedMain] .s.d.r.c.RepositoryConfigurationDelegate : Finished Spring Data repository scanning in 70 ms. Found 1 JPA repository interface.
2025-06-05T11:44:41.945+08:00  INFO 22480 --- [springboot-jpa] [restartedMain] o.s.b.w.embedded.tomcat.TomcatWebServer  : Tomcat initialized with port 8081 (http)
2025-06-05T11:44:41.968+08:00  INFO 22480 --- [springboot-jpa] [restartedMain] o.apache.catalina.core.StandardService   : Starting service [Tomcat]
2025-06-05T11:44:41.969+08:00  INFO 22480 --- [springboot-jpa] [restartedMain] o.apache.catalina.core.StandardEngine    : Starting Servlet engine: [Apache Tomcat/10.1.41]
2025-06-05T11:44:42.048+08:00  INFO 22480 --- [springboot-jpa] [restartedMain] o.a.c.c.C.[Tomcat].[localhost].[/]       : Initializing Spring embedded WebApplicationContext
2025-06-05T11:44:42.048+08:00  INFO 22480 --- [springboot-jpa] [restartedMain] w.s.c.ServletWebServerApplicationContext : Root WebApplicationContext: initialization completed in 1851 ms
2025-06-05T11:44:42.274+08:00  INFO 22480 --- [springboot-jpa] [restartedMain] o.hibernate.jpa.internal.util.LogHelper  : HHH000204: Processing PersistenceUnitInfo [name: default]
2025-06-05T11:44:42.366+08:00  INFO 22480 --- [springboot-jpa] [restartedMain] org.hibernate.Version                    : HHH000412: Hibernate ORM core version 6.6.15.Final
2025-06-05T11:44:42.421+08:00  INFO 22480 --- [springboot-jpa] [restartedMain] o.h.c.internal.RegionFactoryInitiator    : HHH000026: Second-level cache disabled
2025-06-05T11:44:42.849+08:00  INFO 22480 --- [springboot-jpa] [restartedMain] o.s.o.j.p.SpringPersistenceUnitInfo      : No LoadTimeWeaver setup: ignoring JPA class transformer
2025-06-05T11:44:42.895+08:00  INFO 22480 --- [springboot-jpa] [restartedMain] com.zaxxer.hikari.HikariDataSource       : HikariPool-1 - Starting...
2025-06-05T11:44:43.132+08:00  INFO 22480 --- [springboot-jpa] [restartedMain] com.zaxxer.hikari.pool.HikariPool        : HikariPool-1 - Added connection com.mysql.cj.jdbc.ConnectionImpl@5c63cb67
2025-06-05T11:44:43.135+08:00  INFO 22480 --- [springboot-jpa] [restartedMain] com.zaxxer.hikari.HikariDataSource       : HikariPool-1 - Start completed.
2025-06-05T11:44:43.267+08:00  INFO 22480 --- [springboot-jpa] [restartedMain] org.hibernate.orm.connections.pooling    : HHH10001005: Database info:
	Database JDBC URL [Connecting through datasource 'HikariDataSource (HikariPool-1)']
	Database driver: undefined/unknown
	Database version: 8.0.42
	Autocommit mode: undefined/unknown
	Isolation level: undefined/unknown
	Minimum pool size: undefined/unknown
	Maximum pool size: undefined/unknown
2025-06-05T11:44:44.279+08:00  INFO 22480 --- [springboot-jpa] [restartedMain] o.h.e.t.j.p.i.JtaPlatformInitiator       : HHH000489: No JTA platform available (set 'hibernate.transaction.jta.platform' to enable JTA platform integration)
2025-06-05T11:44:44.940+08:00  INFO 22480 --- [springboot-jpa] [restartedMain] j.LocalContainerEntityManagerFactoryBean : Initialized JPA EntityManagerFactory for persistence unit 'default'
2025-06-05T11:44:45.454+08:00  INFO 22480 --- [springboot-jpa] [restartedMain] o.s.b.a.w.s.WelcomePageHandlerMapping    : Adding welcome page: class path resource [static/index.html]
2025-06-05T11:44:45.850+08:00  INFO 22480 --- [springboot-jpa] [restartedMain] o.s.b.d.a.OptionalLiveReloadServer       : LiveReload server is running on port 35729
2025-06-05T11:44:45.904+08:00  INFO 22480 --- [springboot-jpa] [restartedMain] o.s.b.w.embedded.tomcat.TomcatWebServer  : Tomcat started on port 8081 (http) with context path '/'
2025-06-05T11:44:45.913+08:00  INFO 22480 --- [springboot-jpa] [restartedMain] c.example.demo.PriceCompareApplication   : Started PriceCompareApplication in 6.427 seconds (process running for 7.223)
2025-06-05T11:44:54.761+08:00  INFO 22480 --- [springboot-jpa] [http-nio-8081-exec-1] o.a.c.c.C.[Tomcat].[localhost].[/]       : Initializing Spring DispatcherServlet 'dispatcherServlet'
2025-06-05T11:44:54.761+08:00  INFO 22480 --- [springboot-jpa] [http-nio-8081-exec-1] o.s.web.servlet.DispatcherServlet        : Initializing Servlet 'dispatcherServlet'
2025-06-05T11:44:54.762+08:00  INFO 22480 --- [springboot-jpa] [http-nio-8081-exec-1] o.s.web.servlet.DispatcherServlet        : Completed initialization in 1 ms
2025-06-05T11:48:23.625+08:00  INFO 22480 --- [springboot-jpa] [File Watcher] rtingClassPathChangeChangedEventListener : Restarting due to 1 class path change (0 additions, 0 deletions, 1 modification)
2025-06-05T11:48:23.637+08:00  INFO 22480 --- [springboot-jpa] [Thread-5] o.s.b.w.e.tomcat.GracefulShutdown        : Commencing graceful shutdown. Waiting for active requests to complete
2025-06-05T11:48:23.648+08:00  INFO 22480 --- [springboot-jpa] [tomcat-shutdown] o.s.b.w.e.tomcat.GracefulShutdown        : Graceful shutdown complete
2025-06-05T11:48:23.656+08:00  INFO 22480 --- [springboot-jpa] [Thread-5] j.LocalContainerEntityManagerFactoryBean : Closing JPA EntityManagerFactory for persistence unit 'default'
2025-06-05T11:48:23.663+08:00  INFO 22480 --- [springboot-jpa] [Thread-5] com.zaxxer.hikari.HikariDataSource       : HikariPool-1 - Shutdown initiated...
2025-06-05T11:48:23.677+08:00  INFO 22480 --- [springboot-jpa] [Thread-5] com.zaxxer.hikari.HikariDataSource       : HikariPool-1 - Shutdown completed.
2025-06-05T11:48:23.785+08:00  INFO 22480 --- [springboot-jpa] [restartedMain] c.example.demo.PriceCompareApplication   : Starting PriceCompareApplication using Java 22.0.1 with PID 22480 (C:\eclipse-workspace\price-compare\target\classes started by user in C:\eclipse-workspace\price-compare)
2025-06-05T11:48:23.785+08:00  INFO 22480 --- [springboot-jpa] [restartedMain] c.example.demo.PriceCompareApplication   : No active profile set, falling back to 1 default profile: "default"
2025-06-05T11:48:28.730+08:00  INFO 23916 --- [springboot-jpa] [restartedMain] c.example.demo.PriceCompareApplication   : Starting PriceCompareApplication using Java 22.0.1 with PID 23916 (C:\eclipse-workspace\price-compare\target\classes started by user in C:\eclipse-workspace\price-compare)
2025-06-05T11:48:28.733+08:00  INFO 23916 --- [springboot-jpa] [restartedMain] c.example.demo.PriceCompareApplication   : No active profile set, falling back to 1 default profile: "default"
2025-06-05T11:48:28.789+08:00  INFO 23916 --- [springboot-jpa] [restartedMain] .e.DevToolsPropertyDefaultsPostProcessor : Devtools property defaults active! Set 'spring.devtools.add-properties' to 'false' to disable
2025-06-05T11:48:28.789+08:00  INFO 23916 --- [springboot-jpa] [restartedMain] .e.DevToolsPropertyDefaultsPostProcessor : For additional web related logging consider setting the 'logging.level.web' property to 'DEBUG'
2025-06-05T11:48:29.562+08:00  INFO 23916 --- [springboot-jpa] [restartedMain] .s.d.r.c.RepositoryConfigurationDelegate : Bootstrapping Spring Data JPA repositories in DEFAULT mode.
2025-06-05T11:48:29.639+08:00  INFO 23916 --- [springboot-jpa] [restartedMain] .s.d.r.c.RepositoryConfigurationDelegate : Finished Spring Data repository scanning in 65 ms. Found 1 JPA repository interface.
2025-06-05T11:48:30.241+08:00  INFO 23916 --- [springboot-jpa] [restartedMain] o.s.b.w.embedded.tomcat.TomcatWebServer  : Tomcat initialized with port 8080 (http)
2025-06-05T11:48:30.263+08:00  INFO 23916 --- [springboot-jpa] [restartedMain] o.apache.catalina.core.StandardService   : Starting service [Tomcat]
2025-06-05T11:48:30.264+08:00  INFO 23916 --- [springboot-jpa] [restartedMain] o.apache.catalina.core.StandardEngine    : Starting Servlet engine: [Apache Tomcat/10.1.41]
2025-06-05T11:48:30.331+08:00  INFO 23916 --- [springboot-jpa] [restartedMain] o.a.c.c.C.[Tomcat].[localhost].[/]       : Initializing Spring embedded WebApplicationContext
2025-06-05T11:48:30.332+08:00  INFO 23916 --- [springboot-jpa] [restartedMain] w.s.c.ServletWebServerApplicationContext : Root WebApplicationContext: initialization completed in 1542 ms
2025-06-05T11:48:30.518+08:00  INFO 23916 --- [springboot-jpa] [restartedMain] o.hibernate.jpa.internal.util.LogHelper  : HHH000204: Processing PersistenceUnitInfo [name: default]
2025-06-05T11:48:30.583+08:00  INFO 23916 --- [springboot-jpa] [restartedMain] org.hibernate.Version                    : HHH000412: Hibernate ORM core version 6.6.15.Final
2025-06-05T11:48:30.640+08:00  INFO 23916 --- [springboot-jpa] [restartedMain] o.h.c.internal.RegionFactoryInitiator    : HHH000026: Second-level cache disabled
2025-06-05T11:48:31.045+08:00  INFO 23916 --- [springboot-jpa] [restartedMain] o.s.o.j.p.SpringPersistenceUnitInfo      : No LoadTimeWeaver setup: ignoring JPA class transformer
2025-06-05T11:48:31.089+08:00  INFO 23916 --- [springboot-jpa] [restartedMain] com.zaxxer.hikari.HikariDataSource       : HikariPool-1 - Starting...
2025-06-05T11:48:31.299+08:00  INFO 23916 --- [springboot-jpa] [restartedMain] com.zaxxer.hikari.pool.HikariPool        : HikariPool-1 - Added connection com.mysql.cj.jdbc.ConnectionImpl@8b3b056
2025-06-05T11:48:31.302+08:00  INFO 23916 --- [springboot-jpa] [restartedMain] com.zaxxer.hikari.HikariDataSource       : HikariPool-1 - Start completed.
2025-06-05T11:48:31.404+08:00  INFO 23916 --- [springboot-jpa] [restartedMain] org.hibernate.orm.connections.pooling    : HHH10001005: Database info:
	Database JDBC URL [Connecting through datasource 'HikariDataSource (HikariPool-1)']
	Database driver: undefined/unknown
	Database version: 8.0.42
	Autocommit mode: undefined/unknown
	Isolation level: undefined/unknown
	Minimum pool size: undefined/unknown
	Maximum pool size: undefined/unknown
2025-06-05T11:48:32.389+08:00  INFO 23916 --- [springboot-jpa] [restartedMain] o.h.e.t.j.p.i.JtaPlatformInitiator       : HHH000489: No JTA platform available (set 'hibernate.transaction.jta.platform' to enable JTA platform integration)
2025-06-05T11:48:32.452+08:00  INFO 23916 --- [springboot-jpa] [restartedMain] j.LocalContainerEntityManagerFactoryBean : Initialized JPA EntityManagerFactory for persistence unit 'default'
2025-06-05T11:48:32.949+08:00  INFO 23916 --- [springboot-jpa] [restartedMain] o.s.b.a.w.s.WelcomePageHandlerMapping    : Adding welcome page: class path resource [static/index.html]
2025-06-05T11:48:33.308+08:00  INFO 23916 --- [springboot-jpa] [restartedMain] o.s.b.d.a.OptionalLiveReloadServer       : LiveReload server is running on port 35729
2025-06-05T11:48:33.352+08:00  INFO 23916 --- [springboot-jpa] [restartedMain] o.s.b.w.embedded.tomcat.TomcatWebServer  : Tomcat started on port 8080 (http) with context path '/'
2025-06-05T11:48:33.361+08:00  INFO 23916 --- [springboot-jpa] [restartedMain] c.example.demo.PriceCompareApplication   : Started PriceCompareApplication in 5.188 seconds (process running for 5.963)
2025-06-05T11:48:37.190+08:00  INFO 23916 --- [springboot-jpa] [http-nio-8080-exec-1] o.a.c.c.C.[Tomcat].[localhost].[/]       : Initializing Spring DispatcherServlet 'dispatcherServlet'
2025-06-05T11:48:37.191+08:00  INFO 23916 --- [springboot-jpa] [http-nio-8080-exec-1] o.s.web.servlet.DispatcherServlet        : Initializing Servlet 'dispatcherServlet'
2025-06-05T11:48:37.192+08:00  INFO 23916 --- [springboot-jpa] [http-nio-8080-exec-1] o.s.web.servlet.DispatcherServlet        : Completed initialization in 1 ms
2025-06-05T12:07:06.533+08:00  INFO 23916 --- [springboot-jpa] [File Watcher] rtingClassPathChangeChangedEventListener : Restarting due to 11 class path changes (11 additions, 0 deletions, 0 modifications)
2025-06-05T12:07:06.542+08:00  INFO 23916 --- [springboot-jpa] [Thread-5] o.s.b.w.e.tomcat.GracefulShutdown        : Commencing graceful shutdown. Waiting for active requests to complete
2025-06-05T12:07:06.550+08:00  INFO 23916 --- [springboot-jpa] [tomcat-shutdown] o.s.b.w.e.tomcat.GracefulShutdown        : Graceful shutdown complete
2025-06-05T12:07:06.556+08:00  INFO 23916 --- [springboot-jpa] [Thread-5] j.LocalContainerEntityManagerFactoryBean : Closing JPA EntityManagerFactory for persistence unit 'default'
2025-06-05T12:07:06.561+08:00  INFO 23916 --- [springboot-jpa] [Thread-5] com.zaxxer.hikari.HikariDataSource       : HikariPool-1 - Shutdown initiated...
2025-06-05T12:07:06.568+08:00  INFO 23916 --- [springboot-jpa] [Thread-5] com.zaxxer.hikari.HikariDataSource       : HikariPool-1 - Shutdown completed.
2025-06-05T12:07:06.679+08:00  INFO 23916 --- [springboot-jpa] [restartedMain] c.example.demo.PriceCompareApplication   : Starting PriceCompareApplication using Java 22.0.1 with PID 23916 (C:\eclipse-workspace\price-compare\target\classes started by user in C:\eclipse-workspace\price-compare)
2025-06-05T12:07:06.680+08:00  INFO 23916 --- [springboot-jpa] [restartedMain] c.example.demo.PriceCompareApplication   : No active profile set, falling back to 1 default profile: "default"
2025-06-05T12:07:06.934+08:00  INFO 23916 --- [springboot-jpa] [restartedMain] .s.d.r.c.RepositoryConfigurationDelegate : Bootstrapping Spring Data JPA repositories in DEFAULT mode.
2025-06-05T12:07:06.960+08:00  INFO 23916 --- [springboot-jpa] [restartedMain] .s.d.r.c.RepositoryConfigurationDelegate : Finished Spring Data repository scanning in 24 ms. Found 3 JPA repository interfaces.
2025-06-05T12:07:07.081+08:00  INFO 23916 --- [springboot-jpa] [restartedMain] o.s.b.w.embedded.tomcat.TomcatWebServer  : Tomcat initialized with port 8080 (http)
2025-06-05T12:07:07.082+08:00  INFO 23916 --- [springboot-jpa] [restartedMain] o.apache.catalina.core.StandardService   : Starting service [Tomcat]
2025-06-05T12:07:07.083+08:00  INFO 23916 --- [springboot-jpa] [restartedMain] o.apache.catalina.core.StandardEngine    : Starting Servlet engine: [Apache Tomcat/10.1.41]
2025-06-05T12:07:07.112+08:00  INFO 23916 --- [springboot-jpa] [restartedMain] o.a.c.c.C.[Tomcat].[localhost].[/]       : Initializing Spring embedded WebApplicationContext
2025-06-05T12:07:07.112+08:00  INFO 23916 --- [springboot-jpa] [restartedMain] w.s.c.ServletWebServerApplicationContext : Root WebApplicationContext: initialization completed in 428 ms
2025-06-05T12:07:07.157+08:00  INFO 23916 --- [springboot-jpa] [restartedMain] o.hibernate.jpa.internal.util.LogHelper  : HHH000204: Processing PersistenceUnitInfo [name: default]
2025-06-05T12:07:07.162+08:00  INFO 23916 --- [springboot-jpa] [restartedMain] o.h.c.internal.RegionFactoryInitiator    : HHH000026: Second-level cache disabled
2025-06-05T12:07:07.180+08:00  INFO 23916 --- [springboot-jpa] [restartedMain] o.s.o.j.p.SpringPersistenceUnitInfo      : No LoadTimeWeaver setup: ignoring JPA class transformer
2025-06-05T12:07:07.182+08:00  INFO 23916 --- [springboot-jpa] [restartedMain] com.zaxxer.hikari.HikariDataSource       : HikariPool-2 - Starting...
2025-06-05T12:07:07.188+08:00  INFO 23916 --- [springboot-jpa] [restartedMain] com.zaxxer.hikari.pool.HikariPool        : HikariPool-2 - Added connection com.mysql.cj.jdbc.ConnectionImpl@4dd9ec33
2025-06-05T12:07:07.188+08:00  INFO 23916 --- [springboot-jpa] [restartedMain] com.zaxxer.hikari.HikariDataSource       : HikariPool-2 - Start completed.
2025-06-05T12:07:07.189+08:00  INFO 23916 --- [springboot-jpa] [restartedMain] org.hibernate.orm.connections.pooling    : HHH10001005: Database info:
	Database JDBC URL [Connecting through datasource 'HikariDataSource (HikariPool-2)']
	Database driver: undefined/unknown
	Database version: 8.0.42
	Autocommit mode: undefined/unknown
	Isolation level: undefined/unknown
	Minimum pool size: undefined/unknown
	Maximum pool size: undefined/unknown
2025-06-05T12:07:07.321+08:00  INFO 23916 --- [springboot-jpa] [restartedMain] o.h.e.t.j.p.i.JtaPlatformInitiator       : HHH000489: No JTA platform available (set 'hibernate.transaction.jta.platform' to enable JTA platform integration)
2025-06-05T12:07:07.492+08:00  INFO 23916 --- [springboot-jpa] [restartedMain] j.LocalContainerEntityManagerFactoryBean : Initialized JPA EntityManagerFactory for persistence unit 'default'
2025-06-05T12:07:07.504+08:00  WARN 23916 --- [springboot-jpa] [restartedMain] ConfigServletWebServerApplicationContext : Exception encountered during context initialization - cancelling refresh attempt: org.springframework.beans.factory.UnsatisfiedDependencyException: Error creating bean with name 'priceInfoController' defined in file [C:\eclipse-workspace\price-compare\target\classes\com\example\demo\controller\PriceInfoController.class]: Unsatisfied dependency expressed through constructor parameter 0: No qualifying bean of type 'com.example.demo.service.PriceInfoService' available: expected at least 1 bean which qualifies as autowire candidate. Dependency annotations: {}
2025-06-05T12:07:07.504+08:00  INFO 23916 --- [springboot-jpa] [restartedMain] j.LocalContainerEntityManagerFactoryBean : Closing JPA EntityManagerFactory for persistence unit 'default'
2025-06-05T12:07:07.505+08:00  INFO 23916 --- [springboot-jpa] [restartedMain] com.zaxxer.hikari.HikariDataSource       : HikariPool-2 - Shutdown initiated...
2025-06-05T12:07:07.528+08:00  INFO 23916 --- [springboot-jpa] [restartedMain] com.zaxxer.hikari.HikariDataSource       : HikariPool-2 - Shutdown completed.
2025-06-05T12:07:07.529+08:00  INFO 23916 --- [springboot-jpa] [restartedMain] o.apache.catalina.core.StandardService   : Stopping service [Tomcat]
2025-06-05T12:07:07.534+08:00  INFO 23916 --- [springboot-jpa] [restartedMain] .s.b.a.l.ConditionEvaluationReportLogger : 

Error starting ApplicationContext. To display the condition evaluation report re-run your application with 'debug' enabled.
2025-06-05T12:07:07.569+08:00 ERROR 23916 --- [springboot-jpa] [restartedMain] o.s.b.d.LoggingFailureAnalysisReporter   : 

***************************
APPLICATION FAILED TO START
***************************

Description:

Parameter 0 of constructor in com.example.demo.controller.PriceInfoController required a bean of type 'com.example.demo.service.PriceInfoService' that could not be found.


Action:

Consider defining a bean of type 'com.example.demo.service.PriceInfoService' in your configuration.

2025-06-05T12:09:10.254+08:00  INFO 23916 --- [springboot-jpa] [restartedMain] c.example.demo.PriceCompareApplication   : Starting PriceCompareApplication using Java 22.0.1 with PID 23916 (C:\eclipse-workspace\price-compare\target\classes started by user in C:\eclipse-workspace\price-compare)
2025-06-05T12:09:10.255+08:00  INFO 23916 --- [springboot-jpa] [restartedMain] c.example.demo.PriceCompareApplication   : No active profile set, falling back to 1 default profile: "default"
2025-06-05T12:09:10.685+08:00  INFO 23916 --- [springboot-jpa] [restartedMain] .s.d.r.c.RepositoryConfigurationDelegate : Bootstrapping Spring Data JPA repositories in DEFAULT mode.
2025-06-05T12:09:10.710+08:00  INFO 23916 --- [springboot-jpa] [restartedMain] .s.d.r.c.RepositoryConfigurationDelegate : Finished Spring Data repository scanning in 23 ms. Found 3 JPA repository interfaces.
2025-06-05T12:09:10.811+08:00  INFO 23916 --- [springboot-jpa] [restartedMain] o.s.b.w.embedded.tomcat.TomcatWebServer  : Tomcat initialized with port 8080 (http)
2025-06-05T12:09:10.814+08:00  INFO 23916 --- [springboot-jpa] [restartedMain] o.apache.catalina.core.StandardService   : Starting service [Tomcat]
2025-06-05T12:09:10.814+08:00  INFO 23916 --- [springboot-jpa] [restartedMain] o.apache.catalina.core.StandardEngine    : Starting Servlet engine: [Apache Tomcat/10.1.41]
2025-06-05T12:09:10.844+08:00  INFO 23916 --- [springboot-jpa] [restartedMain] o.a.c.c.C.[Tomcat-1].[localhost].[/]     : Initializing Spring embedded WebApplicationContext
2025-06-05T12:09:10.844+08:00  INFO 23916 --- [springboot-jpa] [restartedMain] w.s.c.ServletWebServerApplicationContext : Root WebApplicationContext: initialization completed in 587 ms
2025-06-05T12:09:10.881+08:00  INFO 23916 --- [springboot-jpa] [restartedMain] o.hibernate.jpa.internal.util.LogHelper  : HHH000204: Processing PersistenceUnitInfo [name: default]
2025-06-05T12:09:10.887+08:00  INFO 23916 --- [springboot-jpa] [restartedMain] o.h.c.internal.RegionFactoryInitiator    : HHH000026: Second-level cache disabled
2025-06-05T12:09:10.898+08:00  INFO 23916 --- [springboot-jpa] [restartedMain] o.s.o.j.p.SpringPersistenceUnitInfo      : No LoadTimeWeaver setup: ignoring JPA class transformer
2025-06-05T12:09:10.899+08:00  INFO 23916 --- [springboot-jpa] [restartedMain] com.zaxxer.hikari.HikariDataSource       : HikariPool-3 - Starting...
2025-06-05T12:09:10.904+08:00  INFO 23916 --- [springboot-jpa] [restartedMain] com.zaxxer.hikari.pool.HikariPool        : HikariPool-3 - Added connection com.mysql.cj.jdbc.ConnectionImpl@20006c91
2025-06-05T12:09:10.905+08:00  INFO 23916 --- [springboot-jpa] [restartedMain] com.zaxxer.hikari.HikariDataSource       : HikariPool-3 - Start completed.
2025-06-05T12:09:10.906+08:00  INFO 23916 --- [springboot-jpa] [restartedMain] org.hibernate.orm.connections.pooling    : HHH10001005: Database info:
	Database JDBC URL [Connecting through datasource 'HikariDataSource (HikariPool-3)']
	Database driver: undefined/unknown
	Database version: 8.0.42
	Autocommit mode: undefined/unknown
	Isolation level: undefined/unknown
	Minimum pool size: undefined/unknown
	Maximum pool size: undefined/unknown
2025-06-05T12:09:10.982+08:00  INFO 23916 --- [springboot-jpa] [restartedMain] o.h.e.t.j.p.i.JtaPlatformInitiator       : HHH000489: No JTA platform available (set 'hibernate.transaction.jta.platform' to enable JTA platform integration)
2025-06-05T12:09:11.014+08:00  INFO 23916 --- [springboot-jpa] [restartedMain] j.LocalContainerEntityManagerFactoryBean : Initialized JPA EntityManagerFactory for persistence unit 'default'
2025-06-05T12:09:11.024+08:00  WARN 23916 --- [springboot-jpa] [restartedMain] ConfigServletWebServerApplicationContext : Exception encountered during context initialization - cancelling refresh attempt: org.springframework.beans.factory.UnsatisfiedDependencyException: Error creating bean with name 'priceInfoController' defined in file [C:\eclipse-workspace\price-compare\target\classes\com\example\demo\controller\PriceInfoController.class]: Unsatisfied dependency expressed through constructor parameter 0: No qualifying bean of type 'com.example.demo.service.PriceInfoService' available: expected at least 1 bean which qualifies as autowire candidate. Dependency annotations: {}
2025-06-05T12:09:11.024+08:00  INFO 23916 --- [springboot-jpa] [restartedMain] j.LocalContainerEntityManagerFactoryBean : Closing JPA EntityManagerFactory for persistence unit 'default'
2025-06-05T12:09:11.024+08:00  INFO 23916 --- [springboot-jpa] [restartedMain] com.zaxxer.hikari.HikariDataSource       : HikariPool-3 - Shutdown initiated...
2025-06-05T12:09:11.041+08:00  INFO 23916 --- [springboot-jpa] [restartedMain] com.zaxxer.hikari.HikariDataSource       : HikariPool-3 - Shutdown completed.
2025-06-05T12:09:11.042+08:00  INFO 23916 --- [springboot-jpa] [restartedMain] o.apache.catalina.core.StandardService   : Stopping service [Tomcat]
2025-06-05T12:09:11.047+08:00  INFO 23916 --- [springboot-jpa] [restartedMain] .s.b.a.l.ConditionEvaluationReportLogger : 

Error starting ApplicationContext. To display the condition evaluation report re-run your application with 'debug' enabled.
2025-06-05T12:09:11.055+08:00 ERROR 23916 --- [springboot-jpa] [restartedMain] o.s.b.d.LoggingFailureAnalysisReporter   : 

***************************
APPLICATION FAILED TO START
***************************

Description:

Parameter 0 of constructor in com.example.demo.controller.PriceInfoController required a bean of type 'com.example.demo.service.PriceInfoService' that could not be found.


Action:

Consider defining a bean of type 'com.example.demo.service.PriceInfoService' in your configuration.

2025-06-05T12:33:01.251+08:00  INFO 14928 --- [springboot-jpa] [restartedMain] c.example.demo.PriceCompareApplication   : Starting PriceCompareApplication using Java 22.0.1 with PID 14928 (C:\eclipse-workspace\price-compare\target\classes started by user in C:\eclipse-workspace\price-compare)
2025-06-05T12:33:01.254+08:00  INFO 14928 --- [springboot-jpa] [restartedMain] c.example.demo.PriceCompareApplication   : No active profile set, falling back to 1 default profile: "default"
2025-06-05T12:33:01.306+08:00  INFO 14928 --- [springboot-jpa] [restartedMain] .e.DevToolsPropertyDefaultsPostProcessor : Devtools property defaults active! Set 'spring.devtools.add-properties' to 'false' to disable
2025-06-05T12:33:01.307+08:00  INFO 14928 --- [springboot-jpa] [restartedMain] .e.DevToolsPropertyDefaultsPostProcessor : For additional web related logging consider setting the 'logging.level.web' property to 'DEBUG'
2025-06-05T12:33:02.207+08:00  INFO 14928 --- [springboot-jpa] [restartedMain] .s.d.r.c.RepositoryConfigurationDelegate : Bootstrapping Spring Data JPA repositories in DEFAULT mode.
2025-06-05T12:33:02.289+08:00  INFO 14928 --- [springboot-jpa] [restartedMain] .s.d.r.c.RepositoryConfigurationDelegate : Finished Spring Data repository scanning in 70 ms. Found 3 JPA repository interfaces.
2025-06-05T12:33:02.929+08:00  INFO 14928 --- [springboot-jpa] [restartedMain] o.s.b.w.embedded.tomcat.TomcatWebServer  : Tomcat initialized with port 8080 (http)
2025-06-05T12:33:02.952+08:00  INFO 14928 --- [springboot-jpa] [restartedMain] o.apache.catalina.core.StandardService   : Starting service [Tomcat]
2025-06-05T12:33:02.952+08:00  INFO 14928 --- [springboot-jpa] [restartedMain] o.apache.catalina.core.StandardEngine    : Starting Servlet engine: [Apache Tomcat/10.1.41]
2025-06-05T12:33:03.024+08:00  INFO 14928 --- [springboot-jpa] [restartedMain] o.a.c.c.C.[Tomcat].[localhost].[/]       : Initializing Spring embedded WebApplicationContext
2025-06-05T12:33:03.024+08:00  INFO 14928 --- [springboot-jpa] [restartedMain] w.s.c.ServletWebServerApplicationContext : Root WebApplicationContext: initialization completed in 1716 ms
2025-06-05T12:33:03.206+08:00  INFO 14928 --- [springboot-jpa] [restartedMain] o.hibernate.jpa.internal.util.LogHelper  : HHH000204: Processing PersistenceUnitInfo [name: default]
2025-06-05T12:33:03.271+08:00  INFO 14928 --- [springboot-jpa] [restartedMain] org.hibernate.Version                    : HHH000412: Hibernate ORM core version 6.6.15.Final
2025-06-05T12:33:03.323+08:00  INFO 14928 --- [springboot-jpa] [restartedMain] o.h.c.internal.RegionFactoryInitiator    : HHH000026: Second-level cache disabled
2025-06-05T12:33:03.664+08:00  INFO 14928 --- [springboot-jpa] [restartedMain] o.s.o.j.p.SpringPersistenceUnitInfo      : No LoadTimeWeaver setup: ignoring JPA class transformer
2025-06-05T12:33:03.703+08:00  INFO 14928 --- [springboot-jpa] [restartedMain] com.zaxxer.hikari.HikariDataSource       : HikariPool-1 - Starting...
2025-06-05T12:33:03.884+08:00  INFO 14928 --- [springboot-jpa] [restartedMain] com.zaxxer.hikari.pool.HikariPool        : HikariPool-1 - Added connection com.mysql.cj.jdbc.ConnectionImpl@1ecbba2a
2025-06-05T12:33:03.886+08:00  INFO 14928 --- [springboot-jpa] [restartedMain] com.zaxxer.hikari.HikariDataSource       : HikariPool-1 - Start completed.
2025-06-05T12:33:03.984+08:00  INFO 14928 --- [springboot-jpa] [restartedMain] org.hibernate.orm.connections.pooling    : HHH10001005: Database info:
	Database JDBC URL [Connecting through datasource 'HikariDataSource (HikariPool-1)']
	Database driver: undefined/unknown
	Database version: 8.0.42
	Autocommit mode: undefined/unknown
	Isolation level: undefined/unknown
	Minimum pool size: undefined/unknown
	Maximum pool size: undefined/unknown
2025-06-05T12:33:04.928+08:00  INFO 14928 --- [springboot-jpa] [restartedMain] o.h.e.t.j.p.i.JtaPlatformInitiator       : HHH000489: No JTA platform available (set 'hibernate.transaction.jta.platform' to enable JTA platform integration)
2025-06-05T12:33:05.005+08:00  INFO 14928 --- [springboot-jpa] [restartedMain] j.LocalContainerEntityManagerFactoryBean : Initialized JPA EntityManagerFactory for persistence unit 'default'
2025-06-05T12:33:05.487+08:00  INFO 14928 --- [springboot-jpa] [restartedMain] o.s.b.a.w.s.WelcomePageHandlerMapping    : Adding welcome page: class path resource [static/index.html]
2025-06-05T12:33:05.821+08:00  INFO 14928 --- [springboot-jpa] [restartedMain] o.s.b.d.a.OptionalLiveReloadServer       : LiveReload server is running on port 35729
2025-06-05T12:33:05.872+08:00  INFO 14928 --- [springboot-jpa] [restartedMain] o.s.b.w.embedded.tomcat.TomcatWebServer  : Tomcat started on port 8080 (http) with context path '/'
2025-06-05T12:33:05.883+08:00  INFO 14928 --- [springboot-jpa] [restartedMain] c.example.demo.PriceCompareApplication   : Started PriceCompareApplication in 5.187 seconds (process running for 5.962)
2025-06-05T12:33:17.214+08:00  INFO 14928 --- [springboot-jpa] [http-nio-8080-exec-1] o.a.c.c.C.[Tomcat].[localhost].[/]       : Initializing Spring DispatcherServlet 'dispatcherServlet'
2025-06-05T12:33:17.214+08:00  INFO 14928 --- [springboot-jpa] [http-nio-8080-exec-1] o.s.web.servlet.DispatcherServlet        : Initializing Servlet 'dispatcherServlet'
2025-06-05T12:33:17.216+08:00  INFO 14928 --- [springboot-jpa] [http-nio-8080-exec-1] o.s.web.servlet.DispatcherServlet        : Completed initialization in 1 ms
2025-06-05T12:36:09.663+08:00  INFO 14928 --- [springboot-jpa] [File Watcher] rtingClassPathChangeChangedEventListener : Restarting due to 1 class path change (0 additions, 0 deletions, 1 modification)
2025-06-05T12:36:09.671+08:00  INFO 14928 --- [springboot-jpa] [Thread-5] o.s.b.w.e.tomcat.GracefulShutdown        : Commencing graceful shutdown. Waiting for active requests to complete
2025-06-05T12:36:09.679+08:00  INFO 14928 --- [springboot-jpa] [tomcat-shutdown] o.s.b.w.e.tomcat.GracefulShutdown        : Graceful shutdown complete
2025-06-05T12:36:09.686+08:00  INFO 14928 --- [springboot-jpa] [Thread-5] j.LocalContainerEntityManagerFactoryBean : Closing JPA EntityManagerFactory for persistence unit 'default'
2025-06-05T12:36:09.693+08:00  INFO 14928 --- [springboot-jpa] [Thread-5] com.zaxxer.hikari.HikariDataSource       : HikariPool-1 - Shutdown initiated...
2025-06-05T12:36:09.701+08:00  INFO 14928 --- [springboot-jpa] [Thread-5] com.zaxxer.hikari.HikariDataSource       : HikariPool-1 - Shutdown completed.
2025-06-05T12:36:09.794+08:00  INFO 14928 --- [springboot-jpa] [restartedMain] c.example.demo.PriceCompareApplication   : Starting PriceCompareApplication using Java 22.0.1 with PID 14928 (C:\eclipse-workspace\price-compare\target\classes started by user in C:\eclipse-workspace\price-compare)
2025-06-05T12:36:09.794+08:00  INFO 14928 --- [springboot-jpa] [restartedMain] c.example.demo.PriceCompareApplication   : No active profile set, falling back to 1 default profile: "default"
2025-06-05T12:36:10.067+08:00  INFO 14928 --- [springboot-jpa] [restartedMain] .s.d.r.c.RepositoryConfigurationDelegate : Bootstrapping Spring Data JPA repositories in DEFAULT mode.
2025-06-05T12:36:10.091+08:00  INFO 14928 --- [springboot-jpa] [restartedMain] .s.d.r.c.RepositoryConfigurationDelegate : Finished Spring Data repository scanning in 22 ms. Found 3 JPA repository interfaces.
2025-06-05T12:36:10.213+08:00  INFO 14928 --- [springboot-jpa] [restartedMain] o.s.b.w.embedded.tomcat.TomcatWebServer  : Tomcat initialized with port 8080 (http)
2025-06-05T12:36:10.215+08:00  INFO 14928 --- [springboot-jpa] [restartedMain] o.apache.catalina.core.StandardService   : Starting service [Tomcat]
2025-06-05T12:36:10.215+08:00  INFO 14928 --- [springboot-jpa] [restartedMain] o.apache.catalina.core.StandardEngine    : Starting Servlet engine: [Apache Tomcat/10.1.41]
2025-06-05T12:36:10.244+08:00  INFO 14928 --- [springboot-jpa] [restartedMain] o.a.c.c.C.[Tomcat].[localhost].[/]       : Initializing Spring embedded WebApplicationContext
2025-06-05T12:36:10.244+08:00  INFO 14928 --- [springboot-jpa] [restartedMain] w.s.c.ServletWebServerApplicationContext : Root WebApplicationContext: initialization completed in 447 ms
2025-06-05T12:36:10.288+08:00  INFO 14928 --- [springboot-jpa] [restartedMain] o.hibernate.jpa.internal.util.LogHelper  : HHH000204: Processing PersistenceUnitInfo [name: default]
2025-06-05T12:36:10.293+08:00  INFO 14928 --- [springboot-jpa] [restartedMain] o.h.c.internal.RegionFactoryInitiator    : HHH000026: Second-level cache disabled
2025-06-05T12:36:10.305+08:00  INFO 14928 --- [springboot-jpa] [restartedMain] o.s.o.j.p.SpringPersistenceUnitInfo      : No LoadTimeWeaver setup: ignoring JPA class transformer
2025-06-05T12:36:10.307+08:00  INFO 14928 --- [springboot-jpa] [restartedMain] com.zaxxer.hikari.HikariDataSource       : HikariPool-2 - Starting...
2025-06-05T12:36:10.312+08:00  INFO 14928 --- [springboot-jpa] [restartedMain] com.zaxxer.hikari.pool.HikariPool        : HikariPool-2 - Added connection com.mysql.cj.jdbc.ConnectionImpl@7a0f1fd8
2025-06-05T12:36:10.312+08:00  INFO 14928 --- [springboot-jpa] [restartedMain] com.zaxxer.hikari.HikariDataSource       : HikariPool-2 - Start completed.
2025-06-05T12:36:10.314+08:00  INFO 14928 --- [springboot-jpa] [restartedMain] org.hibernate.orm.connections.pooling    : HHH10001005: Database info:
	Database JDBC URL [Connecting through datasource 'HikariDataSource (HikariPool-2)']
	Database driver: undefined/unknown
	Database version: 8.0.42
	Autocommit mode: undefined/unknown
	Isolation level: undefined/unknown
	Minimum pool size: undefined/unknown
	Maximum pool size: undefined/unknown
2025-06-05T12:36:10.393+08:00  INFO 14928 --- [springboot-jpa] [restartedMain] o.h.e.t.j.p.i.JtaPlatformInitiator       : HHH000489: No JTA platform available (set 'hibernate.transaction.jta.platform' to enable JTA platform integration)
2025-06-05T12:36:10.413+08:00  INFO 14928 --- [springboot-jpa] [restartedMain] j.LocalContainerEntityManagerFactoryBean : Initialized JPA EntityManagerFactory for persistence unit 'default'
2025-06-05T12:36:10.524+08:00  INFO 14928 --- [springboot-jpa] [restartedMain] o.s.b.a.w.s.WelcomePageHandlerMapping    : Adding welcome page: class path resource [static/index.html]
2025-06-05T12:36:10.628+08:00  INFO 14928 --- [springboot-jpa] [restartedMain] o.s.b.d.a.OptionalLiveReloadServer       : LiveReload server is running on port 35729
2025-06-05T12:36:10.641+08:00  INFO 14928 --- [springboot-jpa] [restartedMain] o.s.b.w.embedded.tomcat.TomcatWebServer  : Tomcat started on port 8080 (http) with context path '/'
2025-06-05T12:36:10.647+08:00  INFO 14928 --- [springboot-jpa] [restartedMain] c.example.demo.PriceCompareApplication   : Started PriceCompareApplication in 0.894 seconds (process running for 190.725)
2025-06-05T12:36:10.655+08:00  INFO 14928 --- [springboot-jpa] [restartedMain] .ConditionEvaluationDeltaLoggingListener : Condition evaluation unchanged
2025-06-05T12:36:15.025+08:00  INFO 14928 --- [springboot-jpa] [http-nio-8080-exec-1] o.a.c.c.C.[Tomcat].[localhost].[/]       : Initializing Spring DispatcherServlet 'dispatcherServlet'
2025-06-05T12:36:15.026+08:00  INFO 14928 --- [springboot-jpa] [http-nio-8080-exec-1] o.s.web.servlet.DispatcherServlet        : Initializing Servlet 'dispatcherServlet'
2025-06-05T12:36:15.027+08:00  INFO 14928 --- [springboot-jpa] [http-nio-8080-exec-1] o.s.web.servlet.DispatcherServlet        : Completed initialization in 1 ms
2025-06-05T13:15:31.151+08:00  WARN 14928 --- [springboot-jpa] [http-nio-8080-exec-4] .m.m.a.ExceptionHandlerExceptionResolver : Resolved [java.lang.RuntimeException: Product not found]
2025-06-05T13:15:36.817+08:00  WARN 14928 --- [springboot-jpa] [http-nio-8080-exec-5] .m.m.a.ExceptionHandlerExceptionResolver : Resolved [java.lang.RuntimeException: Barcode already exists]
2025-06-05T13:15:57.866+08:00  WARN 14928 --- [springboot-jpa] [http-nio-8080-exec-9] .m.m.a.ExceptionHandlerExceptionResolver : Resolved [java.lang.RuntimeException: Barcode already exists]
2025-06-05T13:16:06.132+08:00  WARN 14928 --- [springboot-jpa] [http-nio-8080-exec-1] .m.m.a.ExceptionHandlerExceptionResolver : Resolved [java.lang.RuntimeException: Product not found]
2025-06-05T13:16:12.367+08:00  WARN 14928 --- [springboot-jpa] [http-nio-8080-exec-3] .m.m.a.ExceptionHandlerExceptionResolver : Resolved [java.lang.RuntimeException: Product not found]
2025-06-05T13:16:14.013+08:00  WARN 14928 --- [springboot-jpa] [http-nio-8080-exec-4] .m.m.a.ExceptionHandlerExceptionResolver : Resolved [java.lang.RuntimeException: Product not found]
2025-06-05T13:46:42.789+08:00  INFO 14928 --- [springboot-jpa] [File Watcher] rtingClassPathChangeChangedEventListener : Restarting due to 1 class path change (0 additions, 0 deletions, 1 modification)
2025-06-05T13:46:42.792+08:00  INFO 14928 --- [springboot-jpa] [Thread-7] o.s.b.w.e.tomcat.GracefulShutdown        : Commencing graceful shutdown. Waiting for active requests to complete
2025-06-05T13:46:42.800+08:00  INFO 14928 --- [springboot-jpa] [tomcat-shutdown] o.s.b.w.e.tomcat.GracefulShutdown        : Graceful shutdown complete
2025-06-05T13:46:42.805+08:00  INFO 14928 --- [springboot-jpa] [Thread-7] j.LocalContainerEntityManagerFactoryBean : Closing JPA EntityManagerFactory for persistence unit 'default'
2025-06-05T13:46:42.807+08:00  INFO 14928 --- [springboot-jpa] [Thread-7] com.zaxxer.hikari.HikariDataSource       : HikariPool-2 - Shutdown initiated...
2025-06-05T13:46:42.812+08:00  INFO 14928 --- [springboot-jpa] [Thread-7] com.zaxxer.hikari.HikariDataSource       : HikariPool-2 - Shutdown completed.
2025-06-05T13:46:42.919+08:00  INFO 14928 --- [springboot-jpa] [restartedMain] c.example.demo.PriceCompareApplication   : Starting PriceCompareApplication using Java 22.0.1 with PID 14928 (C:\eclipse-workspace\price-compare\target\classes started by user in C:\eclipse-workspace\price-compare)
2025-06-05T13:46:42.920+08:00  INFO 14928 --- [springboot-jpa] [restartedMain] c.example.demo.PriceCompareApplication   : No active profile set, falling back to 1 default profile: "default"
2025-06-05T13:46:43.156+08:00  INFO 14928 --- [springboot-jpa] [restartedMain] .s.d.r.c.RepositoryConfigurationDelegate : Bootstrapping Spring Data JPA repositories in DEFAULT mode.
2025-06-05T13:46:43.178+08:00  INFO 14928 --- [springboot-jpa] [restartedMain] .s.d.r.c.RepositoryConfigurationDelegate : Finished Spring Data repository scanning in 20 ms. Found 3 JPA repository interfaces.
2025-06-05T13:46:43.282+08:00  INFO 14928 --- [springboot-jpa] [restartedMain] o.s.b.w.embedded.tomcat.TomcatWebServer  : Tomcat initialized with port 8080 (http)
2025-06-05T13:46:43.284+08:00  INFO 14928 --- [springboot-jpa] [restartedMain] o.apache.catalina.core.StandardService   : Starting service [Tomcat]
2025-06-05T13:46:43.284+08:00  INFO 14928 --- [springboot-jpa] [restartedMain] o.apache.catalina.core.StandardEngine    : Starting Servlet engine: [Apache Tomcat/10.1.41]
2025-06-05T13:46:43.316+08:00  INFO 14928 --- [springboot-jpa] [restartedMain] o.a.c.c.C.[Tomcat].[localhost].[/]       : Initializing Spring embedded WebApplicationContext
2025-06-05T13:46:43.316+08:00  INFO 14928 --- [springboot-jpa] [restartedMain] w.s.c.ServletWebServerApplicationContext : Root WebApplicationContext: initialization completed in 393 ms
2025-06-05T13:46:43.357+08:00  INFO 14928 --- [springboot-jpa] [restartedMain] o.hibernate.jpa.internal.util.LogHelper  : HHH000204: Processing PersistenceUnitInfo [name: default]
2025-06-05T13:46:43.364+08:00  INFO 14928 --- [springboot-jpa] [restartedMain] o.h.c.internal.RegionFactoryInitiator    : HHH000026: Second-level cache disabled
2025-06-05T13:46:43.376+08:00  INFO 14928 --- [springboot-jpa] [restartedMain] o.s.o.j.p.SpringPersistenceUnitInfo      : No LoadTimeWeaver setup: ignoring JPA class transformer
2025-06-05T13:46:43.377+08:00  INFO 14928 --- [springboot-jpa] [restartedMain] com.zaxxer.hikari.HikariDataSource       : HikariPool-3 - Starting...
2025-06-05T13:46:43.383+08:00  INFO 14928 --- [springboot-jpa] [restartedMain] com.zaxxer.hikari.pool.HikariPool        : HikariPool-3 - Added connection com.mysql.cj.jdbc.ConnectionImpl@6208d974
2025-06-05T13:46:43.384+08:00  INFO 14928 --- [springboot-jpa] [restartedMain] com.zaxxer.hikari.HikariDataSource       : HikariPool-3 - Start completed.
2025-06-05T13:46:43.385+08:00  INFO 14928 --- [springboot-jpa] [restartedMain] org.hibernate.orm.connections.pooling    : HHH10001005: Database info:
	Database JDBC URL [Connecting through datasource 'HikariDataSource (HikariPool-3)']
	Database driver: undefined/unknown
	Database version: 8.0.42
	Autocommit mode: undefined/unknown
	Isolation level: undefined/unknown
	Minimum pool size: undefined/unknown
	Maximum pool size: undefined/unknown
2025-06-05T13:46:43.461+08:00  INFO 14928 --- [springboot-jpa] [restartedMain] o.h.e.t.j.p.i.JtaPlatformInitiator       : HHH000489: No JTA platform available (set 'hibernate.transaction.jta.platform' to enable JTA platform integration)
2025-06-05T13:46:43.479+08:00  INFO 14928 --- [springboot-jpa] [restartedMain] j.LocalContainerEntityManagerFactoryBean : Initialized JPA EntityManagerFactory for persistence unit 'default'
2025-06-05T13:46:43.586+08:00  INFO 14928 --- [springboot-jpa] [restartedMain] o.s.b.a.w.s.WelcomePageHandlerMapping    : Adding welcome page: class path resource [static/index.html]
2025-06-05T13:46:43.677+08:00  INFO 14928 --- [springboot-jpa] [restartedMain] o.s.b.d.a.OptionalLiveReloadServer       : LiveReload server is running on port 35729
2025-06-05T13:46:43.690+08:00  INFO 14928 --- [springboot-jpa] [restartedMain] o.s.b.w.embedded.tomcat.TomcatWebServer  : Tomcat started on port 8080 (http) with context path '/'
2025-06-05T13:46:43.697+08:00  INFO 14928 --- [springboot-jpa] [restartedMain] c.example.demo.PriceCompareApplication   : Started PriceCompareApplication in 0.821 seconds (process running for 4423.781)
2025-06-05T13:46:43.704+08:00  INFO 14928 --- [springboot-jpa] [restartedMain] .ConditionEvaluationDeltaLoggingListener : Condition evaluation unchanged
2025-06-05T13:46:50.600+08:00  INFO 14928 --- [springboot-jpa] [RMI TCP Connection(87)-127.0.0.1] inMXBeanRegistrar$SpringApplicationAdmin : Application shutdown requested.
2025-06-05T13:46:50.601+08:00  INFO 14928 --- [springboot-jpa] [RMI TCP Connection(87)-127.0.0.1] o.s.b.w.e.tomcat.GracefulShutdown        : Commencing graceful shutdown. Waiting for active requests to complete
2025-06-05T13:46:50.604+08:00  INFO 14928 --- [springboot-jpa] [tomcat-shutdown] o.s.b.w.e.tomcat.GracefulShutdown        : Graceful shutdown complete
2025-06-05T13:46:50.618+08:00  INFO 14928 --- [springboot-jpa] [RMI TCP Connection(87)-127.0.0.1] j.LocalContainerEntityManagerFactoryBean : Closing JPA EntityManagerFactory for persistence unit 'default'
2025-06-05T13:46:50.619+08:00  INFO 14928 --- [springboot-jpa] [RMI TCP Connection(87)-127.0.0.1] com.zaxxer.hikari.HikariDataSource       : HikariPool-3 - Shutdown initiated...
2025-06-05T13:46:50.621+08:00  INFO 14928 --- [springboot-jpa] [RMI TCP Connection(87)-127.0.0.1] com.zaxxer.hikari.HikariDataSource       : HikariPool-3 - Shutdown completed.
2025-06-05T14:12:08.046+08:00  INFO 20000 --- [springboot-jpa] [restartedMain] c.example.demo.PriceCompareApplication   : Starting PriceCompareApplication using Java 22.0.1 with PID 20000 (C:\eclipse-workspace\price-compare\target\classes started by user in C:\eclipse-workspace\price-compare)
2025-06-05T14:12:08.048+08:00  INFO 20000 --- [springboot-jpa] [restartedMain] c.example.demo.PriceCompareApplication   : No active profile set, falling back to 1 default profile: "default"
2025-06-05T14:12:08.108+08:00  INFO 20000 --- [springboot-jpa] [restartedMain] .e.DevToolsPropertyDefaultsPostProcessor : Devtools property defaults active! Set 'spring.devtools.add-properties' to 'false' to disable
2025-06-05T14:12:08.109+08:00  INFO 20000 --- [springboot-jpa] [restartedMain] .e.DevToolsPropertyDefaultsPostProcessor : For additional web related logging consider setting the 'logging.level.web' property to 'DEBUG'
2025-06-05T14:12:09.032+08:00  INFO 20000 --- [springboot-jpa] [restartedMain] .s.d.r.c.RepositoryConfigurationDelegate : Bootstrapping Spring Data JPA repositories in DEFAULT mode.
2025-06-05T14:12:09.114+08:00  INFO 20000 --- [springboot-jpa] [restartedMain] .s.d.r.c.RepositoryConfigurationDelegate : Finished Spring Data repository scanning in 70 ms. Found 3 JPA repository interfaces.
2025-06-05T14:12:09.749+08:00  INFO 20000 --- [springboot-jpa] [restartedMain] o.s.b.w.embedded.tomcat.TomcatWebServer  : Tomcat initialized with port 8080 (http)
2025-06-05T14:12:09.773+08:00  INFO 20000 --- [springboot-jpa] [restartedMain] o.apache.catalina.core.StandardService   : Starting service [Tomcat]
2025-06-05T14:12:09.773+08:00  INFO 20000 --- [springboot-jpa] [restartedMain] o.apache.catalina.core.StandardEngine    : Starting Servlet engine: [Apache Tomcat/10.1.41]
2025-06-05T14:12:09.850+08:00  INFO 20000 --- [springboot-jpa] [restartedMain] o.a.c.c.C.[Tomcat].[localhost].[/]       : Initializing Spring embedded WebApplicationContext
2025-06-05T14:12:09.851+08:00  INFO 20000 --- [springboot-jpa] [restartedMain] w.s.c.ServletWebServerApplicationContext : Root WebApplicationContext: initialization completed in 1741 ms
2025-06-05T14:12:10.065+08:00  INFO 20000 --- [springboot-jpa] [restartedMain] o.hibernate.jpa.internal.util.LogHelper  : HHH000204: Processing PersistenceUnitInfo [name: default]
2025-06-05T14:12:10.158+08:00  INFO 20000 --- [springboot-jpa] [restartedMain] org.hibernate.Version                    : HHH000412: Hibernate ORM core version 6.6.15.Final
2025-06-05T14:12:10.212+08:00  INFO 20000 --- [springboot-jpa] [restartedMain] o.h.c.internal.RegionFactoryInitiator    : HHH000026: Second-level cache disabled
2025-06-05T14:12:10.608+08:00  INFO 20000 --- [springboot-jpa] [restartedMain] o.s.o.j.p.SpringPersistenceUnitInfo      : No LoadTimeWeaver setup: ignoring JPA class transformer
2025-06-05T14:12:10.654+08:00  INFO 20000 --- [springboot-jpa] [restartedMain] com.zaxxer.hikari.HikariDataSource       : HikariPool-1 - Starting...
2025-06-05T14:12:10.846+08:00  INFO 20000 --- [springboot-jpa] [restartedMain] com.zaxxer.hikari.pool.HikariPool        : HikariPool-1 - Added connection com.mysql.cj.jdbc.ConnectionImpl@6eb2d777
2025-06-05T14:12:10.849+08:00  INFO 20000 --- [springboot-jpa] [restartedMain] com.zaxxer.hikari.HikariDataSource       : HikariPool-1 - Start completed.
2025-06-05T14:12:10.960+08:00  INFO 20000 --- [springboot-jpa] [restartedMain] org.hibernate.orm.connections.pooling    : HHH10001005: Database info:
	Database JDBC URL [Connecting through datasource 'HikariDataSource (HikariPool-1)']
	Database driver: undefined/unknown
	Database version: 8.0.42
	Autocommit mode: undefined/unknown
	Isolation level: undefined/unknown
	Minimum pool size: undefined/unknown
	Maximum pool size: undefined/unknown
2025-06-05T14:12:12.003+08:00  INFO 20000 --- [springboot-jpa] [restartedMain] o.h.e.t.j.p.i.JtaPlatformInitiator       : HHH000489: No JTA platform available (set 'hibernate.transaction.jta.platform' to enable JTA platform integration)
2025-06-05T14:12:12.087+08:00  INFO 20000 --- [springboot-jpa] [restartedMain] j.LocalContainerEntityManagerFactoryBean : Initialized JPA EntityManagerFactory for persistence unit 'default'
2025-06-05T14:12:12.553+08:00  WARN 20000 --- [springboot-jpa] [restartedMain] ConfigServletWebServerApplicationContext : Exception encountered during context initialization - cancelling refresh attempt: org.springframework.beans.factory.BeanCreationException: Error creating bean with name 'productController': Lookup method resolution failed
2025-06-05T14:12:12.556+08:00  INFO 20000 --- [springboot-jpa] [restartedMain] j.LocalContainerEntityManagerFactoryBean : Closing JPA EntityManagerFactory for persistence unit 'default'
2025-06-05T14:12:12.564+08:00  INFO 20000 --- [springboot-jpa] [restartedMain] com.zaxxer.hikari.HikariDataSource       : HikariPool-1 - Shutdown initiated...
2025-06-05T14:12:12.574+08:00  INFO 20000 --- [springboot-jpa] [restartedMain] com.zaxxer.hikari.HikariDataSource       : HikariPool-1 - Shutdown completed.
2025-06-05T14:12:12.578+08:00  INFO 20000 --- [springboot-jpa] [restartedMain] o.apache.catalina.core.StandardService   : Stopping service [Tomcat]
2025-06-05T14:12:12.597+08:00  INFO 20000 --- [springboot-jpa] [restartedMain] .s.b.a.l.ConditionEvaluationReportLogger : 

Error starting ApplicationContext. To display the condition evaluation report re-run your application with 'debug' enabled.
2025-06-05T14:12:12.626+08:00 ERROR 20000 --- [springboot-jpa] [restartedMain] o.s.boot.SpringApplication               : Application run failed

org.springframework.beans.factory.BeanCreationException: Error creating bean with name 'productController': Lookup method resolution failed
	at org.springframework.beans.factory.annotation.AutowiredAnnotationBeanPostProcessor.checkLookupMethods(AutowiredAnnotationBeanPostProcessor.java:498) ~[spring-beans-6.2.7.jar:6.2.7]
	at org.springframework.beans.factory.annotation.AutowiredAnnotationBeanPostProcessor.determineCandidateConstructors(AutowiredAnnotationBeanPostProcessor.java:368) ~[spring-beans-6.2.7.jar:6.2.7]
	at org.springframework.beans.factory.support.AbstractAutowireCapableBeanFactory.determineConstructorsFromBeanPostProcessors(AbstractAutowireCapableBeanFactory.java:1334) ~[spring-beans-6.2.7.jar:6.2.7]
	at org.springframework.beans.factory.support.AbstractAutowireCapableBeanFactory.createBeanInstance(AbstractAutowireCapableBeanFactory.java:1229) ~[spring-beans-6.2.7.jar:6.2.7]
	at org.springframework.beans.factory.support.AbstractAutowireCapableBeanFactory.doCreateBean(AbstractAutowireCapableBeanFactory.java:569) ~[spring-beans-6.2.7.jar:6.2.7]
	at org.springframework.beans.factory.support.AbstractAutowireCapableBeanFactory.createBean(AbstractAutowireCapableBeanFactory.java:529) ~[spring-beans-6.2.7.jar:6.2.7]
	at org.springframework.beans.factory.support.AbstractBeanFactory.lambda$doGetBean$0(AbstractBeanFactory.java:339) ~[spring-beans-6.2.7.jar:6.2.7]
	at org.springframework.beans.factory.support.DefaultSingletonBeanRegistry.getSingleton(DefaultSingletonBeanRegistry.java:373) ~[spring-beans-6.2.7.jar:6.2.7]
	at org.springframework.beans.factory.support.AbstractBeanFactory.doGetBean(AbstractBeanFactory.java:337) ~[spring-beans-6.2.7.jar:6.2.7]
	at org.springframework.beans.factory.support.AbstractBeanFactory.getBean(AbstractBeanFactory.java:202) ~[spring-beans-6.2.7.jar:6.2.7]
	at org.springframework.beans.factory.support.DefaultListableBeanFactory.instantiateSingleton(DefaultListableBeanFactory.java:1222) ~[spring-beans-6.2.7.jar:6.2.7]
	at org.springframework.beans.factory.support.DefaultListableBeanFactory.preInstantiateSingleton(DefaultListableBeanFactory.java:1188) ~[spring-beans-6.2.7.jar:6.2.7]
	at org.springframework.beans.factory.support.DefaultListableBeanFactory.preInstantiateSingletons(DefaultListableBeanFactory.java:1123) ~[spring-beans-6.2.7.jar:6.2.7]
	at org.springframework.context.support.AbstractApplicationContext.finishBeanFactoryInitialization(AbstractApplicationContext.java:987) ~[spring-context-6.2.7.jar:6.2.7]
	at org.springframework.context.support.AbstractApplicationContext.refresh(AbstractApplicationContext.java:627) ~[spring-context-6.2.7.jar:6.2.7]
	at org.springframework.boot.web.servlet.context.ServletWebServerApplicationContext.refresh(ServletWebServerApplicationContext.java:146) ~[spring-boot-3.5.0.jar:3.5.0]
	at org.springframework.boot.SpringApplication.refresh(SpringApplication.java:753) ~[spring-boot-3.5.0.jar:3.5.0]
	at org.springframework.boot.SpringApplication.refreshContext(SpringApplication.java:439) ~[spring-boot-3.5.0.jar:3.5.0]
	at org.springframework.boot.SpringApplication.run(SpringApplication.java:318) ~[spring-boot-3.5.0.jar:3.5.0]
	at org.springframework.boot.SpringApplication.run(SpringApplication.java:1362) ~[spring-boot-3.5.0.jar:3.5.0]
	at org.springframework.boot.SpringApplication.run(SpringApplication.java:1351) ~[spring-boot-3.5.0.jar:3.5.0]
	at com.example.demo.PriceCompareApplication.main(PriceCompareApplication.java:9) ~[classes/:na]
	at java.base/jdk.internal.reflect.DirectMethodHandleAccessor.invoke(DirectMethodHandleAccessor.java:103) ~[na:na]
	at java.base/java.lang.reflect.Method.invoke(Method.java:580) ~[na:na]
	at org.springframework.boot.devtools.restart.RestartLauncher.run(RestartLauncher.java:50) ~[spring-boot-devtools-3.5.0.jar:3.5.0]
Caused by: java.lang.IllegalStateException: Failed to introspect Class [com.example.demo.controller.ProductController] from ClassLoader [org.springframework.boot.devtools.restart.classloader.RestartClassLoader@2f028b2f]
	at org.springframework.util.ReflectionUtils.getDeclaredMethods(ReflectionUtils.java:483) ~[spring-core-6.2.7.jar:6.2.7]
	at org.springframework.util.ReflectionUtils.doWithLocalMethods(ReflectionUtils.java:320) ~[spring-core-6.2.7.jar:6.2.7]
	at org.springframework.beans.factory.annotation.AutowiredAnnotationBeanPostProcessor.checkLookupMethods(AutowiredAnnotationBeanPostProcessor.java:476) ~[spring-beans-6.2.7.jar:6.2.7]
	... 24 common frames omitted
Caused by: java.lang.NoClassDefFoundError: Page
	at java.base/java.lang.Class.getDeclaredMethods0(Native Method) ~[na:na]
	at java.base/java.lang.Class.privateGetDeclaredMethods(Class.java:3601) ~[na:na]
	at java.base/java.lang.Class.getDeclaredMethods(Class.java:2686) ~[na:na]
	at org.springframework.util.ReflectionUtils.getDeclaredMethods(ReflectionUtils.java:465) ~[spring-core-6.2.7.jar:6.2.7]
	... 26 common frames omitted
Caused by: java.lang.ClassNotFoundException: Page
	at java.base/jdk.internal.loader.BuiltinClassLoader.loadClass(BuiltinClassLoader.java:641) ~[na:na]
	at java.base/jdk.internal.loader.ClassLoaders$AppClassLoader.loadClass(ClassLoaders.java:188) ~[na:na]
	at java.base/java.lang.ClassLoader.loadClass(ClassLoader.java:525) ~[na:na]
	at java.base/java.lang.Class.forName0(Native Method) ~[na:na]
	at java.base/java.lang.Class.forName(Class.java:529) ~[na:na]
	at java.base/java.lang.Class.forName(Class.java:508) ~[na:na]
	at org.springframework.boot.devtools.restart.classloader.RestartClassLoader.loadClass(RestartClassLoader.java:121) ~[spring-boot-devtools-3.5.0.jar:3.5.0]
	at java.base/java.lang.ClassLoader.loadClass(ClassLoader.java:525) ~[na:na]
	... 30 common frames omitted

2025-06-05T14:15:22.225+08:00  INFO 21752 --- [springboot-jpa] [restartedMain] c.example.demo.PriceCompareApplication   : Starting PriceCompareApplication using Java 22.0.1 with PID 21752 (C:\eclipse-workspace\price-compare\target\classes started by user in C:\eclipse-workspace\price-compare)
2025-06-05T14:15:22.228+08:00  INFO 21752 --- [springboot-jpa] [restartedMain] c.example.demo.PriceCompareApplication   : No active profile set, falling back to 1 default profile: "default"
2025-06-05T14:15:22.284+08:00  INFO 21752 --- [springboot-jpa] [restartedMain] .e.DevToolsPropertyDefaultsPostProcessor : Devtools property defaults active! Set 'spring.devtools.add-properties' to 'false' to disable
2025-06-05T14:15:22.285+08:00  INFO 21752 --- [springboot-jpa] [restartedMain] .e.DevToolsPropertyDefaultsPostProcessor : For additional web related logging consider setting the 'logging.level.web' property to 'DEBUG'
2025-06-05T14:15:23.146+08:00  INFO 21752 --- [springboot-jpa] [restartedMain] .s.d.r.c.RepositoryConfigurationDelegate : Bootstrapping Spring Data JPA repositories in DEFAULT mode.
2025-06-05T14:15:23.227+08:00  INFO 21752 --- [springboot-jpa] [restartedMain] .s.d.r.c.RepositoryConfigurationDelegate : Finished Spring Data repository scanning in 68 ms. Found 3 JPA repository interfaces.
2025-06-05T14:15:23.803+08:00  INFO 21752 --- [springboot-jpa] [restartedMain] o.s.b.w.embedded.tomcat.TomcatWebServer  : Tomcat initialized with port 8080 (http)
2025-06-05T14:15:23.824+08:00  INFO 21752 --- [springboot-jpa] [restartedMain] o.apache.catalina.core.StandardService   : Starting service [Tomcat]
2025-06-05T14:15:23.824+08:00  INFO 21752 --- [springboot-jpa] [restartedMain] o.apache.catalina.core.StandardEngine    : Starting Servlet engine: [Apache Tomcat/10.1.41]
2025-06-05T14:15:23.897+08:00  INFO 21752 --- [springboot-jpa] [restartedMain] o.a.c.c.C.[Tomcat].[localhost].[/]       : Initializing Spring embedded WebApplicationContext
2025-06-05T14:15:23.897+08:00  INFO 21752 --- [springboot-jpa] [restartedMain] w.s.c.ServletWebServerApplicationContext : Root WebApplicationContext: initialization completed in 1611 ms
2025-06-05T14:15:24.097+08:00  INFO 21752 --- [springboot-jpa] [restartedMain] o.hibernate.jpa.internal.util.LogHelper  : HHH000204: Processing PersistenceUnitInfo [name: default]
2025-06-05T14:15:24.162+08:00  INFO 21752 --- [springboot-jpa] [restartedMain] org.hibernate.Version                    : HHH000412: Hibernate ORM core version 6.6.15.Final
2025-06-05T14:15:24.203+08:00  INFO 21752 --- [springboot-jpa] [restartedMain] o.h.c.internal.RegionFactoryInitiator    : HHH000026: Second-level cache disabled
2025-06-05T14:15:24.544+08:00  INFO 21752 --- [springboot-jpa] [restartedMain] o.s.o.j.p.SpringPersistenceUnitInfo      : No LoadTimeWeaver setup: ignoring JPA class transformer
2025-06-05T14:15:24.584+08:00  INFO 21752 --- [springboot-jpa] [restartedMain] com.zaxxer.hikari.HikariDataSource       : HikariPool-1 - Starting...
2025-06-05T14:15:24.775+08:00  INFO 21752 --- [springboot-jpa] [restartedMain] com.zaxxer.hikari.pool.HikariPool        : HikariPool-1 - Added connection com.mysql.cj.jdbc.ConnectionImpl@10f87891
2025-06-05T14:15:24.778+08:00  INFO 21752 --- [springboot-jpa] [restartedMain] com.zaxxer.hikari.HikariDataSource       : HikariPool-1 - Start completed.
2025-06-05T14:15:24.879+08:00  INFO 21752 --- [springboot-jpa] [restartedMain] org.hibernate.orm.connections.pooling    : HHH10001005: Database info:
	Database JDBC URL [Connecting through datasource 'HikariDataSource (HikariPool-1)']
	Database driver: undefined/unknown
	Database version: 8.0.42
	Autocommit mode: undefined/unknown
	Isolation level: undefined/unknown
	Minimum pool size: undefined/unknown
	Maximum pool size: undefined/unknown
2025-06-05T14:15:25.840+08:00  INFO 21752 --- [springboot-jpa] [restartedMain] o.h.e.t.j.p.i.JtaPlatformInitiator       : HHH000489: No JTA platform available (set 'hibernate.transaction.jta.platform' to enable JTA platform integration)
2025-06-05T14:15:25.916+08:00  INFO 21752 --- [springboot-jpa] [restartedMain] j.LocalContainerEntityManagerFactoryBean : Initialized JPA EntityManagerFactory for persistence unit 'default'
2025-06-05T14:15:26.399+08:00  INFO 21752 --- [springboot-jpa] [restartedMain] o.s.b.a.w.s.WelcomePageHandlerMapping    : Adding welcome page: class path resource [static/index.html]
2025-06-05T14:15:26.740+08:00  INFO 21752 --- [springboot-jpa] [restartedMain] o.s.b.d.a.OptionalLiveReloadServer       : LiveReload server is running on port 35729
2025-06-05T14:15:26.788+08:00  INFO 21752 --- [springboot-jpa] [restartedMain] o.s.b.w.embedded.tomcat.TomcatWebServer  : Tomcat started on port 8080 (http) with context path '/'
2025-06-05T14:15:26.797+08:00  INFO 21752 --- [springboot-jpa] [restartedMain] c.example.demo.PriceCompareApplication   : Started PriceCompareApplication in 5.16 seconds (process running for 5.911)
2025-06-05T14:15:40.560+08:00  INFO 21752 --- [springboot-jpa] [http-nio-8080-exec-1] o.a.c.c.C.[Tomcat].[localhost].[/]       : Initializing Spring DispatcherServlet 'dispatcherServlet'
2025-06-05T14:15:40.560+08:00  INFO 21752 --- [springboot-jpa] [http-nio-8080-exec-1] o.s.web.servlet.DispatcherServlet        : Initializing Servlet 'dispatcherServlet'
2025-06-05T14:15:40.562+08:00  INFO 21752 --- [springboot-jpa] [http-nio-8080-exec-1] o.s.web.servlet.DispatcherServlet        : Completed initialization in 1 ms
2025-06-05T14:19:53.796+08:00  WARN 21752 --- [springboot-jpa] [http-nio-8080-exec-7] .m.m.a.ExceptionHandlerExceptionResolver : Resolved [java.lang.RuntimeException: Product not found]
2025-06-05T14:19:58.702+08:00  WARN 21752 --- [springboot-jpa] [http-nio-8080-exec-8] .m.m.a.ExceptionHandlerExceptionResolver : Resolved [java.lang.RuntimeException: Product not found]
2025-06-05T14:20:28.607+08:00  WARN 21752 --- [springboot-jpa] [http-nio-8080-exec-10] ration$PageModule$WarningLoggingModifier : Serializing PageImpl instances as-is is not supported, meaning that there is no guarantee about the stability of the resulting JSON structure!
	For a stable JSON structure, please use Spring Data's PagedModel (globally via @EnableSpringDataWebSupport(pageSerializationMode = VIA_DTO))
	or Spring HATEOAS and Spring Data's PagedResourcesAssembler as documented in https://docs.spring.io/spring-data/commons/reference/repositories/core-extensions.html#core.web.pageables.

2025-06-05T14:24:00.740+08:00  INFO 21752 --- [springboot-jpa] [RMI TCP Connection(18)-127.0.0.1] inMXBeanRegistrar$SpringApplicationAdmin : Application shutdown requested.
2025-06-05T14:24:00.743+08:00  INFO 21752 --- [springboot-jpa] [RMI TCP Connection(18)-127.0.0.1] o.s.b.w.e.tomcat.GracefulShutdown        : Commencing graceful shutdown. Waiting for active requests to complete
2025-06-05T14:24:00.747+08:00  INFO 21752 --- [springboot-jpa] [tomcat-shutdown] o.s.b.w.e.tomcat.GracefulShutdown        : Graceful shutdown complete
2025-06-05T14:24:00.751+08:00  INFO 21752 --- [springboot-jpa] [RMI TCP Connection(18)-127.0.0.1] j.LocalContainerEntityManagerFactoryBean : Closing JPA EntityManagerFactory for persistence unit 'default'
2025-06-05T14:24:00.755+08:00  INFO 21752 --- [springboot-jpa] [RMI TCP Connection(18)-127.0.0.1] com.zaxxer.hikari.HikariDataSource       : HikariPool-1 - Shutdown initiated...
2025-06-05T14:24:00.762+08:00  INFO 21752 --- [springboot-jpa] [RMI TCP Connection(18)-127.0.0.1] com.zaxxer.hikari.HikariDataSource       : HikariPool-1 - Shutdown completed.
